2025-12-04 00:49:14.256 [main] INFO  saving.ProductRepository - ProductRepository ініціалізовано. Шлях до файлу: product_repo
2025-12-04 00:49:14.290 [main] INFO  saving.SaladRepository - SaladRepository ініціалізовано. Шлях до даних: salad_repo
2025-12-04 00:49:14.291 [main] INFO  saving.ProductRepository - Початок завантаження каталогу продуктів із product_repo.
2025-12-04 00:49:14.311 [main] INFO  saving.ProductRepository - Завантаження завершено. Успішно завантажено 20 продуктів.
2025-12-04 00:49:14.311 [main] INFO  saving.SaladRepository - Початок завантаження всіх рецептів із 'salad_repo'.
2025-12-04 00:49:14.330 [main] INFO  saving.SaladRepository - Рецепт 'Грецький' успішно завантажено.
2025-12-04 00:49:14.332 [main] INFO  saving.SaladRepository - Рецепт 'Весняний' успішно завантажено.
2025-12-04 00:49:14.334 [main] INFO  saving.SaladRepository - Рецепт 'Цезар' успішно завантажено.
2025-12-04 00:49:14.334 [main] INFO  saving.SaladRepository - Завантаження завершено. Загалом завантажено 3 рецептів.
2025-12-04 00:49:14.345 [main] INFO  service.ProductService - ProductService ініціалізовано. Репозиторій: ProductRepository
2025-12-04 00:49:14.348 [main] INFO  service.SaladService - SaladService ініціалізовано. Репозиторії: SaladRepo=SaladRepository, ProductRepo=ProductRepository
2025-12-04 00:49:18.685 [main] INFO  service.SaladService - Запущено операцію: Видалення рецепту.
2025-12-04 00:49:21.823 [main] ERROR service.SaladService - Помилка видалення: Рецепт 'notex' не знайдено.
2025-12-04 00:50:13.394 [main] INFO  saving.ProductRepository - ProductRepository ініціалізовано. Шлях до файлу: product_repo
2025-12-04 00:50:13.413 [main] INFO  saving.SaladRepository - SaladRepository ініціалізовано. Шлях до даних: salad_repo
2025-12-04 00:50:13.414 [main] INFO  saving.ProductRepository - Початок завантаження каталогу продуктів із product_repo.
2025-12-04 00:50:13.435 [main] INFO  saving.ProductRepository - Завантаження завершено. Успішно завантажено 20 продуктів.
2025-12-04 00:50:13.435 [main] INFO  saving.SaladRepository - Початок завантаження всіх рецептів із 'salad_repo'.
2025-12-04 00:50:13.462 [main] INFO  saving.SaladRepository - Рецепт 'Грецький' успішно завантажено.
2025-12-04 00:50:13.465 [main] INFO  saving.SaladRepository - Рецепт 'Весняний' успішно завантажено.
2025-12-04 00:50:13.469 [main] INFO  saving.SaladRepository - Рецепт 'Цезар' успішно завантажено.
2025-12-04 00:50:13.469 [main] INFO  saving.SaladRepository - Завантаження завершено. Загалом завантажено 3 рецептів.
2025-12-04 00:50:13.480 [main] INFO  service.ProductService - ProductService ініціалізовано. Репозиторій: ProductRepository
2025-12-04 00:50:13.488 [main] INFO  service.SaladService - SaladService ініціалізовано. Репозиторії: SaladRepo=SaladRepository, ProductRepo=ProductRepository
2025-12-04 00:51:56.788 [main] INFO  saving.ProductRepository - ProductRepository ініціалізовано. Шлях до файлу: product_repo
2025-12-04 00:51:56.794 [main] INFO  saving.SaladRepository - SaladRepository ініціалізовано. Шлях до даних: salad_repo
2025-12-04 00:51:56.794 [main] INFO  saving.ProductRepository - Початок завантаження каталогу продуктів із product_repo.
2025-12-04 00:51:56.808 [main] INFO  saving.ProductRepository - Завантаження завершено. Успішно завантажено 20 продуктів.
2025-12-04 00:51:56.808 [main] INFO  saving.SaladRepository - Початок завантаження всіх рецептів із 'salad_repo'.
2025-12-04 00:51:56.823 [main] INFO  saving.SaladRepository - Рецепт 'Грецький' успішно завантажено.
2025-12-04 00:51:56.825 [main] INFO  saving.SaladRepository - Рецепт 'Весняний' успішно завантажено.
2025-12-04 00:51:56.828 [main] INFO  saving.SaladRepository - Рецепт 'Цезар' успішно завантажено.
2025-12-04 00:51:56.829 [main] INFO  saving.SaladRepository - Завантаження завершено. Загалом завантажено 3 рецептів.
2025-12-04 00:51:56.837 [main] INFO  service.ProductService - ProductService ініціалізовано. Репозиторій: ProductRepository
2025-12-04 00:51:56.839 [main] INFO  service.SaladService - SaladService ініціалізовано. Репозиторії: SaladRepo=SaladRepository, ProductRepo=ProductRepository
2025-12-04 00:52:46.381 [main] INFO  saving.ProductRepository - ProductRepository ініціалізовано. Шлях до файлу: product_repo
2025-12-04 00:52:46.396 [main] INFO  saving.SaladRepository - SaladRepository ініціалізовано. Шлях до даних: salad_repo
2025-12-04 00:52:46.397 [main] INFO  saving.ProductRepository - Початок завантаження каталогу продуктів із product_repo.
2025-12-04 00:52:46.432 [main] INFO  saving.ProductRepository - Завантаження завершено. Успішно завантажено 20 продуктів.
2025-12-04 00:52:46.433 [main] INFO  saving.SaladRepository - Початок завантаження всіх рецептів із 'salad_repo'.
2025-12-04 00:52:46.449 [main] INFO  saving.SaladRepository - Рецепт 'Грецький' успішно завантажено.
2025-12-04 00:52:46.451 [main] INFO  saving.SaladRepository - Рецепт 'Весняний' успішно завантажено.
2025-12-04 00:52:46.453 [main] INFO  saving.SaladRepository - Рецепт 'Цезар' успішно завантажено.
2025-12-04 00:52:46.453 [main] INFO  saving.SaladRepository - Завантаження завершено. Загалом завантажено 3 рецептів.
2025-12-04 00:52:46.462 [main] INFO  service.ProductService - ProductService ініціалізовано. Репозиторій: ProductRepository
2025-12-04 00:52:46.465 [main] INFO  service.SaladService - SaladService ініціалізовано. Репозиторії: SaladRepo=SaladRepository, ProductRepo=ProductRepository
2025-12-04 00:53:50.717 [main] INFO  saving.ProductRepository - ProductRepository ініціалізовано. Шлях до файлу: product_repo
2025-12-04 00:53:50.731 [main] INFO  saving.SaladRepository - SaladRepository ініціалізовано. Шлях до даних: salad_repo
2025-12-04 00:53:50.732 [main] INFO  saving.ProductRepository - Початок завантаження каталогу продуктів із product_repo.
2025-12-04 00:53:50.745 [main] INFO  saving.ProductRepository - Завантаження завершено. Успішно завантажено 20 продуктів.
2025-12-04 00:53:50.746 [main] INFO  saving.SaladRepository - Початок завантаження всіх рецептів із 'salad_repo'.
2025-12-04 00:53:50.761 [main] INFO  saving.SaladRepository - Рецепт 'Грецький' успішно завантажено.
2025-12-04 00:53:50.763 [main] INFO  saving.SaladRepository - Рецепт 'Весняний' успішно завантажено.
2025-12-04 00:53:50.765 [main] INFO  saving.SaladRepository - Рецепт 'Цезар' успішно завантажено.
2025-12-04 00:53:50.766 [main] INFO  saving.SaladRepository - Завантаження завершено. Загалом завантажено 3 рецептів.
2025-12-04 00:53:50.776 [main] INFO  service.ProductService - ProductService ініціалізовано. Репозиторій: ProductRepository
2025-12-04 00:53:50.780 [main] INFO  service.SaladService - SaladService ініціалізовано. Репозиторії: SaladRepo=SaladRepository, ProductRepo=ProductRepository
2025-12-04 00:53:54.772 [main] INFO  service.SaladService - Запущено операцію: Видалення рецепту.
2025-12-04 00:54:03.292 [main] ERROR service.SaladService - Помилка видалення: Рецепт 'NotExistingSalad' не знайдено.
2025-12-04 00:54:43.571 [main] INFO  saving.ProductRepository - ProductRepository ініціалізовано. Шлях до файлу: product_repo
2025-12-04 00:54:43.582 [main] INFO  saving.SaladRepository - SaladRepository ініціалізовано. Шлях до даних: salad_repo
2025-12-04 00:54:43.583 [main] INFO  saving.ProductRepository - Початок завантаження каталогу продуктів із product_repo.
2025-12-04 00:54:43.590 [main] INFO  saving.ProductRepository - Завантаження завершено. Успішно завантажено 20 продуктів.
2025-12-04 00:54:43.591 [main] INFO  saving.SaladRepository - Початок завантаження всіх рецептів із 'salad_repo'.
2025-12-04 00:54:43.601 [main] INFO  saving.SaladRepository - Рецепт 'Грецький' успішно завантажено.
2025-12-04 00:54:43.602 [main] INFO  saving.SaladRepository - Рецепт 'Весняний' успішно завантажено.
2025-12-04 00:54:43.604 [main] INFO  saving.SaladRepository - Рецепт 'Цезар' успішно завантажено.
2025-12-04 00:54:43.605 [main] INFO  saving.SaladRepository - Завантаження завершено. Загалом завантажено 3 рецептів.
2025-12-04 00:54:43.610 [main] INFO  service.ProductService - ProductService ініціалізовано. Репозиторій: ProductRepository
2025-12-04 00:54:43.611 [main] INFO  service.SaladService - SaladService ініціалізовано. Репозиторії: SaladRepo=SaladRepository, ProductRepo=ProductRepository
2025-12-04 00:54:46.339 [main] INFO  service.SaladService - Запущено операцію: Видалення рецепту.
2025-12-04 00:54:52.886 [main] ERROR service.SaladService - Помилка видалення: Рецепт 'NotExistingSalad' не знайдено.
2025-12-04 00:56:09.453 [main] INFO  saving.ProductRepository - ProductRepository ініціалізовано. Шлях до файлу: product_repo
2025-12-04 00:56:09.475 [main] INFO  saving.SaladRepository - SaladRepository ініціалізовано. Шлях до даних: salad_repo
2025-12-04 00:56:09.476 [main] INFO  saving.ProductRepository - Початок завантаження каталогу продуктів із product_repo.
2025-12-04 00:56:09.508 [main] INFO  saving.ProductRepository - Завантаження завершено. Успішно завантажено 20 продуктів.
2025-12-04 00:56:09.509 [main] INFO  saving.SaladRepository - Початок завантаження всіх рецептів із 'salad_repo'.
2025-12-04 00:56:09.529 [main] INFO  saving.SaladRepository - Рецепт 'Грецький' успішно завантажено.
2025-12-04 00:56:09.531 [main] INFO  saving.SaladRepository - Рецепт 'Весняний' успішно завантажено.
2025-12-04 00:56:09.533 [main] INFO  saving.SaladRepository - Рецепт 'Цезар' успішно завантажено.
2025-12-04 00:56:09.533 [main] INFO  saving.SaladRepository - Завантаження завершено. Загалом завантажено 3 рецептів.
2025-12-04 00:56:09.541 [main] INFO  service.ProductService - ProductService ініціалізовано. Репозиторій: ProductRepository
2025-12-04 00:56:09.544 [main] INFO  service.SaladService - SaladService ініціалізовано. Репозиторії: SaladRepo=SaladRepository, ProductRepo=ProductRepository
2025-12-04 00:56:12.560 [main] INFO  service.SaladService - Запущено операцію: Видалення рецепту.
2025-12-04 00:56:18.369 [main] ERROR service.SaladService - Помилка видалення: Рецепт 'NotExistingSalad' не знайдено.
2025-12-04 00:57:13.740 [main] INFO  saving.ProductRepository - ProductRepository ініціалізовано. Шлях до файлу: product_repo
2025-12-04 00:57:13.751 [main] INFO  saving.SaladRepository - SaladRepository ініціалізовано. Шлях до даних: salad_repo
2025-12-04 00:57:13.752 [main] INFO  saving.ProductRepository - Початок завантаження каталогу продуктів із product_repo.
2025-12-04 00:57:13.761 [main] INFO  saving.ProductRepository - Завантаження завершено. Успішно завантажено 20 продуктів.
2025-12-04 00:57:13.761 [main] INFO  saving.SaladRepository - Початок завантаження всіх рецептів із 'salad_repo'.
2025-12-04 00:57:13.773 [main] INFO  saving.SaladRepository - Рецепт 'Грецький' успішно завантажено.
2025-12-04 00:57:13.774 [main] INFO  saving.SaladRepository - Рецепт 'Весняний' успішно завантажено.
2025-12-04 00:57:13.776 [main] INFO  saving.SaladRepository - Рецепт 'Цезар' успішно завантажено.
2025-12-04 00:57:13.776 [main] INFO  saving.SaladRepository - Завантаження завершено. Загалом завантажено 3 рецептів.
2025-12-04 00:57:13.782 [main] INFO  service.ProductService - ProductService ініціалізовано. Репозиторій: ProductRepository
2025-12-04 00:57:13.784 [main] INFO  service.SaladService - SaladService ініціалізовано. Репозиторії: SaladRepo=SaladRepository, ProductRepo=ProductRepository
2025-12-04 00:57:16.203 [main] INFO  service.SaladService - Запущено операцію: Видалення рецепту.
2025-12-04 00:57:19.222 [main] ERROR service.SaladService - Помилка видалення: Рецепт 'gtgtg' не знайдено.
2025-12-04 00:59:02.162 [main] INFO  saving.ProductRepository - ProductRepository ініціалізовано. Шлях до файлу: product_repo
2025-12-04 00:59:02.172 [main] INFO  saving.SaladRepository - SaladRepository ініціалізовано. Шлях до даних: salad_repo
2025-12-04 00:59:02.173 [main] INFO  saving.ProductRepository - Початок завантаження каталогу продуктів із product_repo.
2025-12-04 00:59:02.179 [main] INFO  saving.ProductRepository - Завантаження завершено. Успішно завантажено 20 продуктів.
2025-12-04 00:59:02.179 [main] INFO  saving.SaladRepository - Початок завантаження всіх рецептів із 'salad_repo'.
2025-12-04 00:59:02.187 [main] INFO  saving.SaladRepository - Рецепт 'Грецький' успішно завантажено.
2025-12-04 00:59:02.189 [main] INFO  saving.SaladRepository - Рецепт 'Весняний' успішно завантажено.
2025-12-04 00:59:02.190 [main] INFO  saving.SaladRepository - Рецепт 'Цезар' успішно завантажено.
2025-12-04 00:59:02.191 [main] INFO  saving.SaladRepository - Завантаження завершено. Загалом завантажено 3 рецептів.
2025-12-04 00:59:02.197 [main] INFO  service.ProductService - ProductService ініціалізовано. Репозиторій: ProductRepository
2025-12-04 00:59:02.199 [main] INFO  service.SaladService - SaladService ініціалізовано. Репозиторії: SaladRepo=SaladRepository, ProductRepo=ProductRepository
2025-12-04 00:59:04.428 [main] INFO  service.SaladService - Запущено операцію: Видалення рецепту.
2025-12-04 00:59:06.238 [main] ERROR service.SaladService - Помилка видалення: Рецепт 'цвавап' не знайдено.
2025-12-04 01:01:33.607 [main] INFO  saving.ProductRepository - ProductRepository ініціалізовано. Шлях до файлу: product_repo
2025-12-04 01:01:33.619 [main] INFO  saving.SaladRepository - SaladRepository ініціалізовано. Шлях до даних: salad_repo
2025-12-04 01:01:33.620 [main] INFO  saving.ProductRepository - Початок завантаження каталогу продуктів із product_repo.
2025-12-04 01:01:33.642 [main] INFO  saving.ProductRepository - Завантаження завершено. Успішно завантажено 20 продуктів.
2025-12-04 01:01:33.643 [main] INFO  saving.SaladRepository - Початок завантаження всіх рецептів із 'salad_repo'.
2025-12-04 01:01:33.659 [main] INFO  saving.SaladRepository - Рецепт 'Грецький' успішно завантажено.
2025-12-04 01:01:33.662 [main] INFO  saving.SaladRepository - Рецепт 'Весняний' успішно завантажено.
2025-12-04 01:01:33.664 [main] INFO  saving.SaladRepository - Рецепт 'Цезар' успішно завантажено.
2025-12-04 01:01:33.665 [main] INFO  saving.SaladRepository - Завантаження завершено. Загалом завантажено 3 рецептів.
2025-12-04 01:01:33.672 [main] INFO  service.ProductService - ProductService ініціалізовано. Репозиторій: ProductRepository
2025-12-04 01:01:33.676 [main] INFO  service.SaladService - SaladService ініціалізовано. Репозиторії: SaladRepo=SaladRepository, ProductRepo=ProductRepository
2025-12-04 01:01:35.455 [main] INFO  service.SaladService - Запущено операцію: Видалення рецепту.
2025-12-04 01:01:36.631 [main] ERROR service.SaladService - Помилка видалення: Рецепт 'fdssfd' не знайдено.
2025-12-04 01:02:43.973 [main] INFO  saving.ProductRepository - ProductRepository ініціалізовано. Шлях до файлу: product_repo
2025-12-04 01:02:43.988 [main] INFO  saving.SaladRepository - SaladRepository ініціалізовано. Шлях до даних: salad_repo
2025-12-04 01:02:43.989 [main] INFO  saving.ProductRepository - Початок завантаження каталогу продуктів із product_repo.
2025-12-04 01:02:43.998 [main] INFO  saving.ProductRepository - Завантаження завершено. Успішно завантажено 20 продуктів.
2025-12-04 01:02:43.999 [main] INFO  saving.SaladRepository - Початок завантаження всіх рецептів із 'salad_repo'.
2025-12-04 01:02:44.014 [main] INFO  saving.SaladRepository - Рецепт 'Грецький' успішно завантажено.
2025-12-04 01:02:44.016 [main] INFO  saving.SaladRepository - Рецепт 'Весняний' успішно завантажено.
2025-12-04 01:02:44.018 [main] INFO  saving.SaladRepository - Рецепт 'Цезар' успішно завантажено.
2025-12-04 01:02:44.019 [main] INFO  saving.SaladRepository - Завантаження завершено. Загалом завантажено 3 рецептів.
2025-12-04 01:02:44.030 [main] INFO  service.ProductService - ProductService ініціалізовано. Репозиторій: ProductRepository
2025-12-04 01:02:44.032 [main] INFO  service.SaladService - SaladService ініціалізовано. Репозиторії: SaladRepo=SaladRepository, ProductRepo=ProductRepository
2025-12-04 01:02:50.309 [main] INFO  service.SaladService - Запущено операцію: Видалення рецепту.
2025-12-04 01:02:51.911 [main] ERROR service.SaladService - Помилка видалення: Рецепт 'dsfgdsf' не знайдено.
